TaleSpin: The Multiverse Story Engine
---------------------------------------
Starting system diagnostic checks...
✅ go is installed.
✅ flutter is installed.
✅ psql is installed.
✅ redis-cli is installed.

🚀 Everything looks good. Starting the Multiverse Engine...
==========================================================

Ensuring Databases are active via Homebrew services...
Service `postgresql@14` already started, use `brew services restart postgresql@14` to restart.
Service `redis` already started, use `brew services restart redis` to restart.
ALTER ROLE
Making sure the Postgres Database exists...
   Database already exists or the command failed.
Starting Backend API (Golang)...
2026/03/01 00:27:58 Connected to PostgreSQL
2026/03/01 00:27:58 Database Migration completed
2026/03/01 00:27:58 Connected to Redis
2026/03/01 00:27:58 failed to listen: listen tcp4 :8080: bind: address already in use
exit status 1
Starting Frontend UI (Flutter Web)...
Resolving dependencies...
Downloading packages...
  matcher 0.12.18 (0.12.19 available)
  meta 1.17.0 (1.18.1 available)
  test_api 0.7.9 (0.7.10 available)
Got dependencies!
3 packages have newer versions incompatible with dependency constraints.
Try `flutter pub outdated` for more information.
Resolving dependencies...
Downloading packages...
  matcher 0.12.18 (0.12.19 available)
  meta 1.17.0 (1.18.1 available)
  test_api 0.7.9 (0.7.10 available)
Got dependencies!
3 packages have newer versions incompatible with dependency constraints.
Try `flutter pub outdated` for more information.
Launching lib/main.dart on Chrome in debug mode...
Waiting for connection from debug service on Chrome...          
lib/screens/reader_screen.dart:251:45: Error: Can't find ']' to match '['.
                                  children: [
                                            ^
lib/screens/reader_screen.dart:238:44: Error: Can't find ')' to match '('.
                                  Container(
                                           ^
lib/screens/reader_screen.dart:107:69: Error: The getter 'e' isn't defined for the type '_ReaderScreenState'.
 - '_ReaderScreenState' is from 'package:talespin/screens/reader_screen.dart' ('lib/screens/reader_screen.dart').
Try correcting the name to the name of an existing getter, or defining a getter or field named 'e'.
      throw Exception('Failed to connect to the Multiverse Engine: $e');
                                                                    ^
lib/screens/reader_screen.dart:307:35: Error: Expected an identifier, but got 'if'.
Try inserting an identifier before 'if'.
                                  if (siblingCount > 1)
                                  ^^
lib/screens/reader_screen.dart:238:44: Error: Too many positional arguments: 0 allowed, but 1 found.
Try removing the extra positional arguments.
                                  Container(
                                           ^
/opt/homebrew/share/flutter/packages/flutter/lib/src/widgets/container.dart:255:3: Context: Found this candidate, but the arguments don't match.
  Container({
  ^^^^^^^^^
lib/screens/reader_screen.dart:307:35: Error: Expected ',' before this.
                                  if (siblingCount > 1)
                                  ^^
Waiting for connection from debug service on Chrome...              9.5s
Failed to compile application.
